2022-03-15T16:08:51+00:00 dhcp-vl2042-3353.redrover.cornell.edu#02 I: Start test Maths ::::1: normal pdf numerically integrated med bounds.
2022-03-15T16:08:51+00:00 dhcp-vl2042-3353.redrover.cornell.edu#02 I: Test Maths ::::1: normal pdf numerically integrated med bounds is successful.
2022-03-15T16:08:51+00:00 dhcp-vl2042-3353.redrover.cornell.edu#02 I: End test Maths ::::1: normal pdf numerically integrated med bounds.
2022-03-15T16:08:51+00:00 dhcp-vl2042-3353.redrover.cornell.edu#02 I: Start test Maths ::::3: normal pdf with analytical sol.
2022-03-15T16:08:51+00:00 dhcp-vl2042-3353.redrover.cornell.edu#02 E: Test Maths ::::3: normal pdf with analytical sol exited with an error.
2022-03-15T16:08:51+00:00 dhcp-vl2042-3353.redrover.cornell.edu#02 E: Failure("Unimplemented") in test Maths ::::3: normal pdf with analytical sol.
2022-03-15T16:08:51+00:00 dhcp-vl2042-3353.redrover.cornell.edu#02 E: Raised at Stdlib.failwith in file "stdlib.ml", line 29, characters 17-33
2022-03-15T16:08:51+00:00 dhcp-vl2042-3353.redrover.cornell.edu#02 E: Called from Dune__exe__Main.integrate_test.(fun) in file "test/main.ml", line 44, characters 17-40
2022-03-15T16:08:51+00:00 dhcp-vl2042-3353.redrover.cornell.edu#02 E: Called from OUnitRunner.run_one_test.(fun) in file "src/lib/ounit2/advanced/oUnitRunner.ml", line 83, characters 13-26
2022-03-15T16:08:51+00:00 dhcp-vl2042-3353.redrover.cornell.edu#02 E: 
2022-03-15T16:08:51+00:00 dhcp-vl2042-3353.redrover.cornell.edu#02 I: End test Maths ::::3: normal pdf with analytical sol.
2022-03-15T16:08:51+00:00 dhcp-vl2042-3353.redrover.cornell.edu#02 I: Start test Maths ::::4:Standard Normal Distribution.
2022-03-15T16:08:51+00:00 dhcp-vl2042-3353.redrover.cornell.edu#02 I: Test Maths ::::4:Standard Normal Distribution is successful.
2022-03-15T16:08:51+00:00 dhcp-vl2042-3353.redrover.cornell.edu#02 I: End test Maths ::::4:Standard Normal Distribution.
2022-03-15T16:08:51+00:00 dhcp-vl2042-3353.redrover.cornell.edu#02 I: Start test Maths ::::5:Standard Normal Distribution Positive Edge.
2022-03-15T16:08:51+00:00 dhcp-vl2042-3353.redrover.cornell.edu#02 E: Test Maths ::::5:Standard Normal Distribution Positive Edge has failed.
2022-03-15T16:08:51+00:00 dhcp-vl2042-3353.redrover.cornell.edu#02 E: not equal in test Maths ::::5:Standard Normal Distribution Positive Edge.
2022-03-15T16:08:51+00:00 dhcp-vl2042-3353.redrover.cornell.edu#02 E: Raised at OUnitAssert.assert_failure in file "src/lib/ounit2/advanced/oUnitAssert.ml", line 45, characters 2-27
2022-03-15T16:08:51+00:00 dhcp-vl2042-3353.redrover.cornell.edu#02 E: Called from OUnitRunner.run_one_test.(fun) in file "src/lib/ounit2/advanced/oUnitRunner.ml", line 83, characters 13-26
2022-03-15T16:08:51+00:00 dhcp-vl2042-3353.redrover.cornell.edu#02 E: 
2022-03-15T16:08:51+00:00 dhcp-vl2042-3353.redrover.cornell.edu#02 I: End test Maths ::::5:Standard Normal Distribution Positive Edge.
2022-03-15T16:08:51+00:00 dhcp-vl2042-3353.redrover.cornell.edu#02 I: Start test Maths ::::6:Standard Normal Distribution Negative Edge.
2022-03-15T16:08:51+00:00 dhcp-vl2042-3353.redrover.cornell.edu#02 E: Test Maths ::::6:Standard Normal Distribution Negative Edge has failed.
2022-03-15T16:08:51+00:00 dhcp-vl2042-3353.redrover.cornell.edu#02 E: not equal in test Maths ::::6:Standard Normal Distribution Negative Edge.
2022-03-15T16:08:51+00:00 dhcp-vl2042-3353.redrover.cornell.edu#02 E: Raised at OUnitAssert.assert_failure in file "src/lib/ounit2/advanced/oUnitAssert.ml", line 45, characters 2-27
2022-03-15T16:08:51+00:00 dhcp-vl2042-3353.redrover.cornell.edu#02 E: Called from OUnitRunner.run_one_test.(fun) in file "src/lib/ounit2/advanced/oUnitRunner.ml", line 83, characters 13-26
2022-03-15T16:08:51+00:00 dhcp-vl2042-3353.redrover.cornell.edu#02 E: 
2022-03-15T16:08:51+00:00 dhcp-vl2042-3353.redrover.cornell.edu#02 I: End test Maths ::::6:Standard Normal Distribution Negative Edge.
2022-03-15T16:08:51+00:00 dhcp-vl2042-3353.redrover.cornell.edu#02 I: Start test Maths ::::7:Standard Normal Distribution.
2022-03-15T16:08:51+00:00 dhcp-vl2042-3353.redrover.cornell.edu#02 E: Test Maths ::::7:Standard Normal Distribution has failed.
2022-03-15T16:08:51+00:00 dhcp-vl2042-3353.redrover.cornell.edu#02 E: not equal in test Maths ::::7:Standard Normal Distribution.
2022-03-15T16:08:51+00:00 dhcp-vl2042-3353.redrover.cornell.edu#02 E: Raised at OUnitAssert.assert_failure in file "src/lib/ounit2/advanced/oUnitAssert.ml", line 45, characters 2-27
2022-03-15T16:08:51+00:00 dhcp-vl2042-3353.redrover.cornell.edu#02 E: Called from OUnitRunner.run_one_test.(fun) in file "src/lib/ounit2/advanced/oUnitRunner.ml", line 83, characters 13-26
2022-03-15T16:08:51+00:00 dhcp-vl2042-3353.redrover.cornell.edu#02 E: 
2022-03-15T16:08:51+00:00 dhcp-vl2042-3353.redrover.cornell.edu#02 I: End test Maths ::::7:Standard Normal Distribution.
2022-03-15T16:08:51+00:00 dhcp-vl2042-3353.redrover.cornell.edu#02 I: Start test Maths ::::8:estimated call option price of euro_option_1.
2022-03-15T16:08:52+00:00 dhcp-vl2042-3353.redrover.cornell.edu#02 E: Test Maths ::::8:estimated call option price of euro_option_1 has failed.
2022-03-15T16:08:52+00:00 dhcp-vl2042-3353.redrover.cornell.edu#02 E: expected: 6.02 but got: 17.3861270715 in test Maths ::::8:estimated call option price of euro_option_1.
2022-03-15T16:08:52+00:00 dhcp-vl2042-3353.redrover.cornell.edu#02 E: Raised at OUnitAssert.assert_failure in file "src/lib/ounit2/advanced/oUnitAssert.ml", line 45, characters 2-27
2022-03-15T16:08:52+00:00 dhcp-vl2042-3353.redrover.cornell.edu#02 E: Called from OUnitRunner.run_one_test.(fun) in file "src/lib/ounit2/advanced/oUnitRunner.ml", line 83, characters 13-26
2022-03-15T16:08:52+00:00 dhcp-vl2042-3353.redrover.cornell.edu#02 E: 
2022-03-15T16:08:52+00:00 dhcp-vl2042-3353.redrover.cornell.edu#02 I: End test Maths ::::8:estimated call option price of euro_option_1.
