2022-03-09T03:20:08+00:00 dhcp-vl2042-3353.redrover.cornell.edu#00 I: Runner: processes
2022-03-09T03:20:08+00:00 dhcp-vl2042-3353.redrover.cornell.edu#00 I: Chooser: simple
2022-03-09T03:20:08+00:00 dhcp-vl2042-3353.redrover.cornell.edu#00 I: Configuration suite_name = "Maths :::"
2022-03-09T03:20:08+00:00 dhcp-vl2042-3353.redrover.cornell.edu#00 I: Configuration cache_filename = "/Users/akoranne/Spring_2022_3110/FinalProject/final_project/_build/oUnit-$(suite_name).cache"
2022-03-09T03:20:08+00:00 dhcp-vl2042-3353.redrover.cornell.edu#00 I: Configuration run_gc_full_major = "true"
2022-03-09T03:20:08+00:00 dhcp-vl2042-3353.redrover.cornell.edu#00 I: Configuration display = "true"
2022-03-09T03:20:08+00:00 dhcp-vl2042-3353.redrover.cornell.edu#00 I: Configuration results_style_1_X = "false"
2022-03-09T03:20:08+00:00 dhcp-vl2042-3353.redrover.cornell.edu#00 I: Configuration testdata_dir = "/Users/akoranne/Spring_2022_3110/FinalProject/final_project/data"
2022-03-09T03:20:08+00:00 dhcp-vl2042-3353.redrover.cornell.edu#00 I: Configuration health_check_interval = "1."
2022-03-09T03:20:08+00:00 dhcp-vl2042-3353.redrover.cornell.edu#00 I: Configuration verbose = "false"
2022-03-09T03:20:08+00:00 dhcp-vl2042-3353.redrover.cornell.edu#00 I: Configuration chooser = "simple"
2022-03-09T03:20:08+00:00 dhcp-vl2042-3353.redrover.cornell.edu#00 I: Configuration output_html_dir = "none"
2022-03-09T03:20:08+00:00 dhcp-vl2042-3353.redrover.cornell.edu#00 I: Configuration processes_kill_period = "5."
2022-03-09T03:20:08+00:00 dhcp-vl2042-3353.redrover.cornell.edu#00 I: Configuration runner = "processes"
2022-03-09T03:20:08+00:00 dhcp-vl2042-3353.redrover.cornell.edu#00 I: Configuration shards = "2"
2022-03-09T03:20:08+00:00 dhcp-vl2042-3353.redrover.cornell.edu#00 I: Configuration processes_grace_period = "5."
2022-03-09T03:20:08+00:00 dhcp-vl2042-3353.redrover.cornell.edu#00 I: Configuration log_encoding = "utf-8"
2022-03-09T03:20:08+00:00 dhcp-vl2042-3353.redrover.cornell.edu#00 I: Configuration output_junit_file = "none"
2022-03-09T03:20:08+00:00 dhcp-vl2042-3353.redrover.cornell.edu#00 I: Configuration ci = "false"
2022-03-09T03:20:08+00:00 dhcp-vl2042-3353.redrover.cornell.edu#00 I: Configuration output_file = "/Users/akoranne/Spring_2022_3110/FinalProject/final_project/_build/oUnit-$(suite_name)-$(shard_id).log"
2022-03-09T03:20:08+00:00 dhcp-vl2042-3353.redrover.cornell.edu#00 I: Using 2 workers maximum.
2022-03-09T03:20:08+00:00 dhcp-vl2042-3353.redrover.cornell.edu#00 I: Starting worker number dhcp-vl2042-3353.redrover.cornell.edu#01.
2022-03-09T03:20:08+00:00 dhcp-vl2042-3353.redrover.cornell.edu#00 I: Worker dhcp-vl2042-3353.redrover.cornell.edu#01 started.
2022-03-09T03:20:08+00:00 dhcp-vl2042-3353.redrover.cornell.edu#00 I: Starting worker number dhcp-vl2042-3353.redrover.cornell.edu#02.
2022-03-09T03:20:08+00:00 dhcp-vl2042-3353.redrover.cornell.edu#00 I: Worker dhcp-vl2042-3353.redrover.cornell.edu#02 started.
2022-03-09T03:20:08+00:00 dhcp-vl2042-3353.redrover.cornell.edu#00 I: 2 tests running: Maths ::::1: normal pdf numerically integrated med bounds, Maths ::::0: normal pdf numerically integrated small bounds .
2022-03-09T03:20:08+00:00 dhcp-vl2042-3353.redrover.cornell.edu#01 I: Start test Maths ::::0: normal pdf numerically integrated small bounds .
2022-03-09T03:20:08+00:00 dhcp-vl2042-3353.redrover.cornell.edu#00 I: 2 tests running: Maths ::::1: normal pdf numerically integrated med bounds, Maths ::::0: normal pdf numerically integrated small bounds .
2022-03-09T03:20:08+00:00 dhcp-vl2042-3353.redrover.cornell.edu#02 I: Start test Maths ::::1: normal pdf numerically integrated med bounds.
2022-03-09T03:20:08+00:00 dhcp-vl2042-3353.redrover.cornell.edu#00 I: 2 tests running: Maths ::::1: normal pdf numerically integrated med bounds, Maths ::::0: normal pdf numerically integrated small bounds .
2022-03-09T03:20:08+00:00 dhcp-vl2042-3353.redrover.cornell.edu#01 I: Test Maths ::::0: normal pdf numerically integrated small bounds  is successful.
2022-03-09T03:20:08+00:00 dhcp-vl2042-3353.redrover.cornell.edu#00 I: 2 tests running: Maths ::::1: normal pdf numerically integrated med bounds, Maths ::::0: normal pdf numerically integrated small bounds .
2022-03-09T03:20:08+00:00 dhcp-vl2042-3353.redrover.cornell.edu#01 I: End test Maths ::::0: normal pdf numerically integrated small bounds .
2022-03-09T03:20:08+00:00 dhcp-vl2042-3353.redrover.cornell.edu#00 I: 2 tests running: Maths ::::1: normal pdf numerically integrated med bounds, Maths ::::0: normal pdf numerically integrated small bounds .
2022-03-09T03:20:08+00:00 dhcp-vl2042-3353.redrover.cornell.edu#00 I: 2 tests running: Maths ::::2: normal pdf numerically integrated big bounds, Maths ::::1: normal pdf numerically integrated med bounds.
2022-03-09T03:20:08+00:00 dhcp-vl2042-3353.redrover.cornell.edu#01 I: Start test Maths ::::2: normal pdf numerically integrated big bounds.
2022-03-09T03:20:08+00:00 dhcp-vl2042-3353.redrover.cornell.edu#00 I: 2 tests running: Maths ::::2: normal pdf numerically integrated big bounds, Maths ::::1: normal pdf numerically integrated med bounds.
2022-03-09T03:20:08+00:00 dhcp-vl2042-3353.redrover.cornell.edu#02 I: Test Maths ::::1: normal pdf numerically integrated med bounds is successful.
2022-03-09T03:20:08+00:00 dhcp-vl2042-3353.redrover.cornell.edu#00 I: 2 tests running: Maths ::::2: normal pdf numerically integrated big bounds, Maths ::::1: normal pdf numerically integrated med bounds.
2022-03-09T03:20:08+00:00 dhcp-vl2042-3353.redrover.cornell.edu#02 I: End test Maths ::::1: normal pdf numerically integrated med bounds.
2022-03-09T03:20:08+00:00 dhcp-vl2042-3353.redrover.cornell.edu#00 I: 2 tests running: Maths ::::2: normal pdf numerically integrated big bounds, Maths ::::1: normal pdf numerically integrated med bounds.
2022-03-09T03:20:08+00:00 dhcp-vl2042-3353.redrover.cornell.edu#00 I: 2 tests running: Maths ::::3: normal pdf with analytical sol, Maths ::::2: normal pdf numerically integrated big bounds.
2022-03-09T03:20:08+00:00 dhcp-vl2042-3353.redrover.cornell.edu#02 I: Start test Maths ::::3: normal pdf with analytical sol.
2022-03-09T03:20:08+00:00 dhcp-vl2042-3353.redrover.cornell.edu#00 I: 2 tests running: Maths ::::3: normal pdf with analytical sol, Maths ::::2: normal pdf numerically integrated big bounds.
2022-03-09T03:20:08+00:00 dhcp-vl2042-3353.redrover.cornell.edu#02 E: Test Maths ::::3: normal pdf with analytical sol exited with an error.
2022-03-09T03:20:08+00:00 dhcp-vl2042-3353.redrover.cornell.edu#02 E: Failure("Unimplemented") in test Maths ::::3: normal pdf with analytical sol.
2022-03-09T03:20:08+00:00 dhcp-vl2042-3353.redrover.cornell.edu#02 E: Raised at Stdlib.failwith in file "stdlib.ml", line 29, characters 17-33
2022-03-09T03:20:08+00:00 dhcp-vl2042-3353.redrover.cornell.edu#02 E: Called from Dune__exe__Main.integrate_test.(fun) in file "test/main.ml", line 44, characters 17-40
2022-03-09T03:20:08+00:00 dhcp-vl2042-3353.redrover.cornell.edu#02 E: Called from OUnitRunner.run_one_test.(fun) in file "src/lib/ounit2/advanced/oUnitRunner.ml", line 83, characters 13-26
2022-03-09T03:20:08+00:00 dhcp-vl2042-3353.redrover.cornell.edu#02 E: 
2022-03-09T03:20:08+00:00 dhcp-vl2042-3353.redrover.cornell.edu#00 I: 2 tests running: Maths ::::3: normal pdf with analytical sol, Maths ::::2: normal pdf numerically integrated big bounds.
2022-03-09T03:20:08+00:00 dhcp-vl2042-3353.redrover.cornell.edu#02 I: End test Maths ::::3: normal pdf with analytical sol.
2022-03-09T03:20:08+00:00 dhcp-vl2042-3353.redrover.cornell.edu#00 I: 2 tests running: Maths ::::3: normal pdf with analytical sol, Maths ::::2: normal pdf numerically integrated big bounds.
2022-03-09T03:20:08+00:00 dhcp-vl2042-3353.redrover.cornell.edu#00 I: 2 tests running: Maths ::::4:estimated call option price of euro_option_1, Maths ::::2: normal pdf numerically integrated big bounds.
2022-03-09T03:20:08+00:00 dhcp-vl2042-3353.redrover.cornell.edu#02 I: Start test Maths ::::4:estimated call option price of euro_option_1.
2022-03-09T03:20:08+00:00 dhcp-vl2042-3353.redrover.cornell.edu#00 I: 2 tests running: Maths ::::4:estimated call option price of euro_option_1, Maths ::::2: normal pdf numerically integrated big bounds.
2022-03-09T03:20:08+00:00 dhcp-vl2042-3353.redrover.cornell.edu#01 I: Test Maths ::::2: normal pdf numerically integrated big bounds is successful.
2022-03-09T03:20:08+00:00 dhcp-vl2042-3353.redrover.cornell.edu#00 I: 2 tests running: Maths ::::4:estimated call option price of euro_option_1, Maths ::::2: normal pdf numerically integrated big bounds.
2022-03-09T03:20:08+00:00 dhcp-vl2042-3353.redrover.cornell.edu#01 I: End test Maths ::::2: normal pdf numerically integrated big bounds.
2022-03-09T03:20:08+00:00 dhcp-vl2042-3353.redrover.cornell.edu#00 I: 2 tests running: Maths ::::4:estimated call option price of euro_option_1, Maths ::::2: normal pdf numerically integrated big bounds.
2022-03-09T03:20:08+00:00 dhcp-vl2042-3353.redrover.cornell.edu#00 I: 2 tests running: Maths ::::5:difference betwen date1 and date2, Maths ::::4:estimated call option price of euro_option_1.
2022-03-09T03:20:08+00:00 dhcp-vl2042-3353.redrover.cornell.edu#01 I: Start test Maths ::::5:difference betwen date1 and date2.
2022-03-09T03:20:08+00:00 dhcp-vl2042-3353.redrover.cornell.edu#00 I: 2 tests running: Maths ::::5:difference betwen date1 and date2, Maths ::::4:estimated call option price of euro_option_1.
2022-03-09T03:20:08+00:00 dhcp-vl2042-3353.redrover.cornell.edu#01 I: Test Maths ::::5:difference betwen date1 and date2 is successful.
2022-03-09T03:20:08+00:00 dhcp-vl2042-3353.redrover.cornell.edu#00 I: 2 tests running: Maths ::::5:difference betwen date1 and date2, Maths ::::4:estimated call option price of euro_option_1.
2022-03-09T03:20:08+00:00 dhcp-vl2042-3353.redrover.cornell.edu#01 I: End test Maths ::::5:difference betwen date1 and date2.
2022-03-09T03:20:08+00:00 dhcp-vl2042-3353.redrover.cornell.edu#00 I: 2 tests running: Maths ::::5:difference betwen date1 and date2, Maths ::::4:estimated call option price of euro_option_1.
2022-03-09T03:20:08+00:00 dhcp-vl2042-3353.redrover.cornell.edu#00 I: Still 2 tests running : Maths ::::6:difference betwen date1 and date2, Maths ::::4:estimated call option price of euro_option_1.
2022-03-09T03:20:08+00:00 dhcp-vl2042-3353.redrover.cornell.edu#00 I: 2 tests running: Maths ::::6:difference betwen date1 and date2, Maths ::::4:estimated call option price of euro_option_1.
2022-03-09T03:20:08+00:00 dhcp-vl2042-3353.redrover.cornell.edu#01 I: Start test Maths ::::6:difference betwen date1 and date2.
2022-03-09T03:20:08+00:00 dhcp-vl2042-3353.redrover.cornell.edu#00 I: Still 2 tests running : Maths ::::6:difference betwen date1 and date2, Maths ::::4:estimated call option price of euro_option_1.
2022-03-09T03:20:08+00:00 dhcp-vl2042-3353.redrover.cornell.edu#00 I: 2 tests running: Maths ::::6:difference betwen date1 and date2, Maths ::::4:estimated call option price of euro_option_1.
2022-03-09T03:20:08+00:00 dhcp-vl2042-3353.redrover.cornell.edu#01 I: Test Maths ::::6:difference betwen date1 and date2 is successful.
2022-03-09T03:20:08+00:00 dhcp-vl2042-3353.redrover.cornell.edu#00 I: Still 2 tests running : Maths ::::6:difference betwen date1 and date2, Maths ::::4:estimated call option price of euro_option_1.
2022-03-09T03:20:08+00:00 dhcp-vl2042-3353.redrover.cornell.edu#00 I: 2 tests running: Maths ::::6:difference betwen date1 and date2, Maths ::::4:estimated call option price of euro_option_1.
2022-03-09T03:20:08+00:00 dhcp-vl2042-3353.redrover.cornell.edu#01 I: End test Maths ::::6:difference betwen date1 and date2.
2022-03-09T03:20:08+00:00 dhcp-vl2042-3353.redrover.cornell.edu#00 I: Still 2 tests running : Maths ::::6:difference betwen date1 and date2, Maths ::::4:estimated call option price of euro_option_1.
2022-03-09T03:20:08+00:00 dhcp-vl2042-3353.redrover.cornell.edu#00 I: 2 tests running: Maths ::::6:difference betwen date1 and date2, Maths ::::4:estimated call option price of euro_option_1.
2022-03-09T03:20:08+00:00 dhcp-vl2042-3353.redrover.cornell.edu#00 I: Still 1 tests running : Maths ::::4:estimated call option price of euro_option_1.
2022-03-09T03:20:08+00:00 dhcp-vl2042-3353.redrover.cornell.edu#00 I: 1 tests running: Maths ::::4:estimated call option price of euro_option_1.
2022-03-09T03:20:08+00:00 dhcp-vl2042-3353.redrover.cornell.edu#02 E: Test Maths ::::4:estimated call option price of euro_option_1 has failed.
2022-03-09T03:20:08+00:00 dhcp-vl2042-3353.redrover.cornell.edu#02 E: expected: 6.02 but got: 17.3861270715 in test Maths ::::4:estimated call option price of euro_option_1.
2022-03-09T03:20:08+00:00 dhcp-vl2042-3353.redrover.cornell.edu#02 E: Raised at OUnitAssert.assert_failure in file "src/lib/ounit2/advanced/oUnitAssert.ml", line 45, characters 2-27
2022-03-09T03:20:08+00:00 dhcp-vl2042-3353.redrover.cornell.edu#02 E: Called from OUnitRunner.run_one_test.(fun) in file "src/lib/ounit2/advanced/oUnitRunner.ml", line 83, characters 13-26
2022-03-09T03:20:08+00:00 dhcp-vl2042-3353.redrover.cornell.edu#02 E: 
2022-03-09T03:20:08+00:00 dhcp-vl2042-3353.redrover.cornell.edu#00 I: Still 1 tests running : Maths ::::4:estimated call option price of euro_option_1.
2022-03-09T03:20:08+00:00 dhcp-vl2042-3353.redrover.cornell.edu#00 I: 1 tests running: Maths ::::4:estimated call option price of euro_option_1.
2022-03-09T03:20:08+00:00 dhcp-vl2042-3353.redrover.cornell.edu#02 I: End test Maths ::::4:estimated call option price of euro_option_1.
2022-03-09T03:20:08+00:00 dhcp-vl2042-3353.redrover.cornell.edu#00 I: Still 1 tests running : Maths ::::4:estimated call option price of euro_option_1.
2022-03-09T03:20:08+00:00 dhcp-vl2042-3353.redrover.cornell.edu#00 I: 1 tests running: Maths ::::4:estimated call option price of euro_option_1.
2022-03-09T03:20:08+00:00 dhcp-vl2042-3353.redrover.cornell.edu#00 I: 0 tests running: .
2022-03-09T03:20:08+00:00 dhcp-vl2042-3353.redrover.cornell.edu#00 I: Worker dhcp-vl2042-3353.redrover.cornell.edu#01 has ended.
2022-03-09T03:20:08+00:00 dhcp-vl2042-3353.redrover.cornell.edu#00 I: Worker dhcp-vl2042-3353.redrover.cornell.edu#02 died unexpectedly.
2022-03-09T03:20:08+00:00 dhcp-vl2042-3353.redrover.cornell.edu#00 I: Used 2 worker during test execution.
2022-03-09T03:20:08+00:00 dhcp-vl2042-3353.redrover.cornell.edu#00 I: Run 3 tests with shard dhcp-vl2042-3353.redrover.cornell.edu#02.
2022-03-09T03:20:08+00:00 dhcp-vl2042-3353.redrover.cornell.edu#00 I: Run 4 tests with shard dhcp-vl2042-3353.redrover.cornell.edu#01.
2022-03-09T03:20:08+00:00 dhcp-vl2042-3353.redrover.cornell.edu#00 I: Check health of shard dhcp-vl2042-3353.redrover.cornell.edu#02, 2 times.
2022-03-09T03:20:08+00:00 dhcp-vl2042-3353.redrover.cornell.edu#00 I: Check health of shard dhcp-vl2042-3353.redrover.cornell.edu#01, 4 times.
2022-03-09T03:20:08+00:00 dhcp-vl2042-3353.redrover.cornell.edu#00 I: ==============
2022-03-09T03:20:08+00:00 dhcp-vl2042-3353.redrover.cornell.edu#00 I: Summary:
2022-03-09T03:20:08+00:00 dhcp-vl2042-3353.redrover.cornell.edu#00 E: Test Maths ::::4:estimated call option price of euro_option_1 has failed.
2022-03-09T03:20:08+00:00 dhcp-vl2042-3353.redrover.cornell.edu#00 E: expected: 6.02 but got: 17.3861270715 in test Maths ::::4:estimated call option price of euro_option_1.
2022-03-09T03:20:08+00:00 dhcp-vl2042-3353.redrover.cornell.edu#00 E: Raised at OUnitAssert.assert_failure in file "src/lib/ounit2/advanced/oUnitAssert.ml", line 45, characters 2-27
2022-03-09T03:20:08+00:00 dhcp-vl2042-3353.redrover.cornell.edu#00 E: Called from OUnitRunner.run_one_test.(fun) in file "src/lib/ounit2/advanced/oUnitRunner.ml", line 83, characters 13-26
2022-03-09T03:20:08+00:00 dhcp-vl2042-3353.redrover.cornell.edu#00 E: 
2022-03-09T03:20:08+00:00 dhcp-vl2042-3353.redrover.cornell.edu#00 I: Test Maths ::::6:difference betwen date1 and date2 is successful.
2022-03-09T03:20:08+00:00 dhcp-vl2042-3353.redrover.cornell.edu#00 I: Test Maths ::::5:difference betwen date1 and date2 is successful.
2022-03-09T03:20:08+00:00 dhcp-vl2042-3353.redrover.cornell.edu#00 I: Test Maths ::::2: normal pdf numerically integrated big bounds is successful.
2022-03-09T03:20:08+00:00 dhcp-vl2042-3353.redrover.cornell.edu#00 E: Test Maths ::::3: normal pdf with analytical sol exited with an error.
2022-03-09T03:20:08+00:00 dhcp-vl2042-3353.redrover.cornell.edu#00 E: Failure("Unimplemented") in test Maths ::::3: normal pdf with analytical sol.
2022-03-09T03:20:08+00:00 dhcp-vl2042-3353.redrover.cornell.edu#00 E: Raised at Stdlib.failwith in file "stdlib.ml", line 29, characters 17-33
2022-03-09T03:20:08+00:00 dhcp-vl2042-3353.redrover.cornell.edu#00 E: Called from Dune__exe__Main.integrate_test.(fun) in file "test/main.ml", line 44, characters 17-40
2022-03-09T03:20:08+00:00 dhcp-vl2042-3353.redrover.cornell.edu#00 E: Called from OUnitRunner.run_one_test.(fun) in file "src/lib/ounit2/advanced/oUnitRunner.ml", line 83, characters 13-26
2022-03-09T03:20:08+00:00 dhcp-vl2042-3353.redrover.cornell.edu#00 E: 
2022-03-09T03:20:08+00:00 dhcp-vl2042-3353.redrover.cornell.edu#00 I: Test Maths ::::1: normal pdf numerically integrated med bounds is successful.
2022-03-09T03:20:08+00:00 dhcp-vl2042-3353.redrover.cornell.edu#00 I: Test Maths ::::0: normal pdf numerically integrated small bounds  is successful.
2022-03-09T03:20:08+00:00 dhcp-vl2042-3353.redrover.cornell.edu#00 I: Ran: 7 tests in: 0.13 seconds.
2022-03-09T03:20:08+00:00 dhcp-vl2042-3353.redrover.cornell.edu#00 I: Cases: 7.
2022-03-09T03:20:08+00:00 dhcp-vl2042-3353.redrover.cornell.edu#00 I: Tried: 7.
2022-03-09T03:20:08+00:00 dhcp-vl2042-3353.redrover.cornell.edu#00 I: Errors: 1.
2022-03-09T03:20:08+00:00 dhcp-vl2042-3353.redrover.cornell.edu#00 I: Failures: 1.
2022-03-09T03:20:08+00:00 dhcp-vl2042-3353.redrover.cornell.edu#00 I: Skip: 0.
2022-03-09T03:20:08+00:00 dhcp-vl2042-3353.redrover.cornell.edu#00 I: Todo: 0.
2022-03-09T03:20:08+00:00 dhcp-vl2042-3353.redrover.cornell.edu#00 I: Timeout: 0.
