2022-03-16T05:18:55+00:00 LAPTOP-ITNG913P#04 I: Start test Maths ::::3: normal pdf with analytical sol.
2022-03-16T05:18:55+00:00 LAPTOP-ITNG913P#04 E: Test Maths ::::3: normal pdf with analytical sol exited with an error.
2022-03-16T05:18:55+00:00 LAPTOP-ITNG913P#04 E: File "test/main.ml", line 68, characters 4-10: Assertion failed in test Maths ::::3: normal pdf with analytical sol.
2022-03-16T05:18:55+00:00 LAPTOP-ITNG913P#04 E: Raised at Dune__exe__Main.integrate_test.(fun) in file "test/main.ml", line 68, characters 4-53
2022-03-16T05:18:55+00:00 LAPTOP-ITNG913P#04 E: Called from OUnitRunner.run_one_test.(fun) in file "src/lib/ounit2/advanced/oUnitRunner.ml", line 83, characters 13-26
2022-03-16T05:18:55+00:00 LAPTOP-ITNG913P#04 E: 
2022-03-16T05:18:55+00:00 LAPTOP-ITNG913P#04 I: End test Maths ::::3: normal pdf with analytical sol.
2022-03-16T05:18:55+00:00 LAPTOP-ITNG913P#04 I: Start test Maths ::::6:Standard Normal Distribution Negative Edge.
2022-03-16T05:18:55+00:00 LAPTOP-ITNG913P#04 I: Test Maths ::::6:Standard Normal Distribution Negative Edge is successful.
2022-03-16T05:18:55+00:00 LAPTOP-ITNG913P#04 I: End test Maths ::::6:Standard Normal Distribution Negative Edge.
2022-03-16T05:18:55+00:00 LAPTOP-ITNG913P#04 I: Start test Maths ::::9:Standard Normal Distribution.
2022-03-16T05:18:55+00:00 LAPTOP-ITNG913P#04 I: Test Maths ::::9:Standard Normal Distribution is successful.
2022-03-16T05:18:55+00:00 LAPTOP-ITNG913P#04 I: End test Maths ::::9:Standard Normal Distribution.
2022-03-16T05:18:55+00:00 LAPTOP-ITNG913P#04 I: Start test Maths ::::12:difference betwen date2 and date3.
2022-03-16T05:18:55+00:00 LAPTOP-ITNG913P#04 I: Test Maths ::::12:difference betwen date2 and date3 is successful.
2022-03-16T05:18:55+00:00 LAPTOP-ITNG913P#04 I: End test Maths ::::12:difference betwen date2 and date3.
2022-03-16T05:18:55+00:00 LAPTOP-ITNG913P#04 I: Start test Maths ::::14:difference between date5 and date6.
2022-03-16T05:18:55+00:00 LAPTOP-ITNG913P#04 I: Test Maths ::::14:difference between date5 and date6 is successful.
2022-03-16T05:18:55+00:00 LAPTOP-ITNG913P#04 I: End test Maths ::::14:difference between date5 and date6.
2022-03-16T05:18:55+00:00 LAPTOP-ITNG913P#04 I: Start test Maths ::::16:Zeros Test.
2022-03-16T05:18:55+00:00 LAPTOP-ITNG913P#04 I: Test Maths ::::16:Zeros Test is successful.
2022-03-16T05:18:55+00:00 LAPTOP-ITNG913P#04 I: End test Maths ::::16:Zeros Test.
2022-03-16T05:18:55+00:00 LAPTOP-ITNG913P#04 I: Start test Maths ::::20:Double.
2022-03-16T05:18:55+00:00 LAPTOP-ITNG913P#04 I: Test Maths ::::20:Double is successful.
2022-03-16T05:18:55+00:00 LAPTOP-ITNG913P#04 I: End test Maths ::::20:Double.
