2022-03-16T04:08:07+00:00 LAPTOP-ITNG913P#02 I: Start test Maths ::::1: normal pdf numerically integrated med bounds.
2022-03-16T04:08:07+00:00 LAPTOP-ITNG913P#02 I: Test Maths ::::1: normal pdf numerically integrated med bounds is successful.
2022-03-16T04:08:07+00:00 LAPTOP-ITNG913P#02 I: End test Maths ::::1: normal pdf numerically integrated med bounds.
2022-03-16T04:08:07+00:00 LAPTOP-ITNG913P#02 I: Start test Maths ::::4:Standard Normal Distribution.
2022-03-16T04:08:07+00:00 LAPTOP-ITNG913P#02 I: Test Maths ::::4:Standard Normal Distribution is successful.
2022-03-16T04:08:07+00:00 LAPTOP-ITNG913P#02 I: End test Maths ::::4:Standard Normal Distribution.
2022-03-16T04:08:07+00:00 LAPTOP-ITNG913P#02 I: Start test Maths ::::8:Standard Normal Distribution.
2022-03-16T04:08:07+00:00 LAPTOP-ITNG913P#02 I: Test Maths ::::8:Standard Normal Distribution is successful.
2022-03-16T04:08:07+00:00 LAPTOP-ITNG913P#02 I: End test Maths ::::8:Standard Normal Distribution.
2022-03-16T04:08:07+00:00 LAPTOP-ITNG913P#02 I: Start test Maths ::::9:Standard Normal Distribution.
2022-03-16T04:08:07+00:00 LAPTOP-ITNG913P#02 I: Test Maths ::::9:Standard Normal Distribution is successful.
2022-03-16T04:08:07+00:00 LAPTOP-ITNG913P#02 I: End test Maths ::::9:Standard Normal Distribution.
2022-03-16T04:08:07+00:00 LAPTOP-ITNG913P#02 I: Start test Maths ::::13:difference between date1 and date4.
2022-03-16T04:08:07+00:00 LAPTOP-ITNG913P#02 I: Test Maths ::::13:difference between date1 and date4 is successful.
2022-03-16T04:08:07+00:00 LAPTOP-ITNG913P#02 I: End test Maths ::::13:difference between date1 and date4.
2022-03-16T04:08:07+00:00 LAPTOP-ITNG913P#02 I: Start test Maths ::::16:Zeros Test.
2022-03-16T04:08:07+00:00 LAPTOP-ITNG913P#02 I: Test Maths ::::16:Zeros Test is successful.
2022-03-16T04:08:07+00:00 LAPTOP-ITNG913P#02 I: End test Maths ::::16:Zeros Test.
2022-03-16T04:08:07+00:00 LAPTOP-ITNG913P#02 I: Start test Maths ::::19:Single.
2022-03-16T04:08:07+00:00 LAPTOP-ITNG913P#02 I: Test Maths ::::19:Single is successful.
2022-03-16T04:08:07+00:00 LAPTOP-ITNG913P#02 I: End test Maths ::::19:Single.
