2022-03-16T04:08:07+00:00 LAPTOP-ITNG913P#01 I: Start test Maths ::::0: normal pdf numerically integrated small bounds .
2022-03-16T04:08:07+00:00 LAPTOP-ITNG913P#01 I: Test Maths ::::0: normal pdf numerically integrated small bounds  is successful.
2022-03-16T04:08:07+00:00 LAPTOP-ITNG913P#01 I: End test Maths ::::0: normal pdf numerically integrated small bounds .
2022-03-16T04:08:07+00:00 LAPTOP-ITNG913P#01 I: Start test Maths ::::5:Standard Normal Distribution Positive Edge.
2022-03-16T04:08:07+00:00 LAPTOP-ITNG913P#01 I: Test Maths ::::5:Standard Normal Distribution Positive Edge is successful.
2022-03-16T04:08:07+00:00 LAPTOP-ITNG913P#01 I: End test Maths ::::5:Standard Normal Distribution Positive Edge.
2022-03-16T04:08:07+00:00 LAPTOP-ITNG913P#01 I: Start test Maths ::::7:Standard Normal Distribution.
2022-03-16T04:08:07+00:00 LAPTOP-ITNG913P#01 I: Test Maths ::::7:Standard Normal Distribution is successful.
2022-03-16T04:08:07+00:00 LAPTOP-ITNG913P#01 I: End test Maths ::::7:Standard Normal Distribution.
2022-03-16T04:08:07+00:00 LAPTOP-ITNG913P#01 I: Start test Maths ::::10:estimated call option price of euro_option_1.
2022-03-16T04:08:07+00:00 LAPTOP-ITNG913P#01 E: Test Maths ::::10:estimated call option price of euro_option_1 exited with an error.
2022-03-16T04:08:07+00:00 LAPTOP-ITNG913P#01 E: File "test/main.ml", line 36, characters 2-8: Assertion failed in test Maths ::::10:estimated call option price of euro_option_1.
2022-03-16T04:08:07+00:00 LAPTOP-ITNG913P#01 E: Raised at Dune__exe__Main.european_call_options_price_test.(fun) in file "test/main.ml", line 36, characters 2-121
2022-03-16T04:08:07+00:00 LAPTOP-ITNG913P#01 E: Called from OUnitRunner.run_one_test.(fun) in file "src/lib/ounit2/advanced/oUnitRunner.ml", line 83, characters 13-26
2022-03-16T04:08:07+00:00 LAPTOP-ITNG913P#01 E: 
2022-03-16T04:08:07+00:00 LAPTOP-ITNG913P#01 I: End test Maths ::::10:estimated call option price of euro_option_1.
2022-03-16T04:08:07+00:00 LAPTOP-ITNG913P#01 I: Start test Maths ::::12:difference betwen date2 and date3.
2022-03-16T04:08:07+00:00 LAPTOP-ITNG913P#01 I: Test Maths ::::12:difference betwen date2 and date3 is successful.
2022-03-16T04:08:07+00:00 LAPTOP-ITNG913P#01 I: End test Maths ::::12:difference betwen date2 and date3.
2022-03-16T04:08:07+00:00 LAPTOP-ITNG913P#01 I: Start test Maths ::::15:difference between date7 and date8.
2022-03-16T04:08:07+00:00 LAPTOP-ITNG913P#01 I: Test Maths ::::15:difference between date7 and date8 is successful.
2022-03-16T04:08:07+00:00 LAPTOP-ITNG913P#01 I: End test Maths ::::15:difference between date7 and date8.
2022-03-16T04:08:07+00:00 LAPTOP-ITNG913P#01 I: Start test Maths ::::18:Empty.
2022-03-16T04:08:07+00:00 LAPTOP-ITNG913P#01 I: Test Maths ::::18:Empty is successful.
2022-03-16T04:08:07+00:00 LAPTOP-ITNG913P#01 I: End test Maths ::::18:Empty.
2022-03-16T04:08:07+00:00 LAPTOP-ITNG913P#01 I: Start test Maths ::::21:Generic Real Number Test.
2022-03-16T04:08:07+00:00 LAPTOP-ITNG913P#01 I: Test Maths ::::21:Generic Real Number Test is successful.
2022-03-16T04:08:07+00:00 LAPTOP-ITNG913P#01 I: End test Maths ::::21:Generic Real Number Test.
